Build started 10/23/2013 7:38:54 PM.
     1>Project "C:\Users\mclarceny\Documents\Visual Studio 2012\Projects\Project1\Project1\Project1.vcxproj" on node 2 (Build target(s)).
     1>Link:
         C:\Program Files (x86)\Microsoft Visual Studio 11.0\VC\bin\link.exe /ERRORREPORT:PROMPT /OUT:"C:\Users\mclarceny\Documents\Visual Studio 2012\Projects\Project1\Debug\Project1.exe" /INCREMENTAL /NOLOGO /LIBPATH:"C:\Program Files (x86)\VTK\lib\vtk-5.10" LSDyna.lib MapReduceMPI.lib mpistubs.lib vtkalglib.lib vtkCharts.lib opengl32.lib vtkCommon.lib vtkDICOMParser.lib vtkexoIIc.lib vtkexpat.lib vtkFiltering.lib vtkfreetype.lib vtkftgl.lib vtkGenericFiltering.lib vtkGeovis.lib vtkGraphics.lib vtkhdf5.lib vtkhdf5_hl.lib vtkHybrid.lib vtkImaging.lib vtkInfovis.lib vtkIO.lib vtkjpeg.lib vtklibxml2.lib vtkmetaio.lib vtkNetCDF.lib vtkNetCDF_cxx.lib vtkpng.lib vtkproj4.lib vtkRendering.lib vtksqlite.lib vtksys.lib vtktiff.lib vtkverdict.lib vtkViews.lib vtkVolumeRendering.lib vtkWidgets.lib vtkzlib.lib kernel32.lib user32.lib gdi32.lib winspool.lib comdlg32.lib advapi32.lib shell32.lib ole32.lib oleaut32.lib uuid.lib odbc32.lib odbccp32.lib /MANIFEST /MANIFESTUAC:"level='asInvoker' uiAccess='false'" /manifest:embed /DEBUG /PDB:"C:\Users\mclarceny\Documents\Visual Studio 2012\Projects\Project1\Debug\Project1.pdb" /TLBID:1 /DYNAMICBASE /NXCOMPAT /IMPLIB:"C:\Users\mclarceny\Documents\Visual Studio 2012\Projects\Project1\Debug\Project1.lib" /MACHINE:X86 Debug\Source.obj
     1>vtkFiltering.lib(vtkDataSetAttributes.obj) : error LNK2038: mismatch detected for '_ITERATOR_DEBUG_LEVEL': value '0' doesn't match value '2' in Source.obj
     1>vtkFiltering.lib(vtkDataSetAttributes.obj) : error LNK2038: mismatch detected for 'RuntimeLibrary': value 'MD_DynamicRelease' doesn't match value 'MDd_DynamicDebug' in Source.obj
     1>vtkFiltering.lib(vtkFieldData.obj) : error LNK2038: mismatch detected for '_ITERATOR_DEBUG_LEVEL': value '0' doesn't match value '2' in Source.obj
     1>vtkFiltering.lib(vtkFieldData.obj) : error LNK2038: mismatch detected for 'RuntimeLibrary': value 'MD_DynamicRelease' doesn't match value 'MDd_DynamicDebug' in Source.obj
     1>vtkIO.lib(vtkDataSetReader.obj) : error LNK2038: mismatch detected for '_ITERATOR_DEBUG_LEVEL': value '0' doesn't match value '2' in Source.obj
     1>vtkIO.lib(vtkDataSetReader.obj) : error LNK2038: mismatch detected for 'RuntimeLibrary': value 'MD_DynamicRelease' doesn't match value 'MDd_DynamicDebug' in Source.obj
     1>vtkIO.lib(vtkDataReader.obj) : error LNK2038: mismatch detected for '_ITERATOR_DEBUG_LEVEL': value '0' doesn't match value '2' in Source.obj
     1>vtkIO.lib(vtkDataReader.obj) : error LNK2038: mismatch detected for 'RuntimeLibrary': value 'MD_DynamicRelease' doesn't match value 'MDd_DynamicDebug' in Source.obj
     1>vtkIO.lib(vtkPolyDataReader.obj) : error LNK2038: mismatch detected for '_ITERATOR_DEBUG_LEVEL': value '0' doesn't match value '2' in Source.obj
     1>vtkIO.lib(vtkPolyDataReader.obj) : error LNK2038: mismatch detected for 'RuntimeLibrary': value 'MD_DynamicRelease' doesn't match value 'MDd_DynamicDebug' in Source.obj
     1>vtkIO.lib(vtkRectilinearGridReader.obj) : error LNK2038: mismatch detected for '_ITERATOR_DEBUG_LEVEL': value '0' doesn't match value '2' in Source.obj
     1>vtkIO.lib(vtkRectilinearGridReader.obj) : error LNK2038: mismatch detected for 'RuntimeLibrary': value 'MD_DynamicRelease' doesn't match value 'MDd_DynamicDebug' in Source.obj
     1>vtkIO.lib(vtkStructuredGridReader.obj) : error LNK2038: mismatch detected for '_ITERATOR_DEBUG_LEVEL': value '0' doesn't match value '2' in Source.obj
     1>vtkIO.lib(vtkStructuredGridReader.obj) : error LNK2038: mismatch detected for 'RuntimeLibrary': value 'MD_DynamicRelease' doesn't match value 'MDd_DynamicDebug' in Source.obj
     1>vtkIO.lib(vtkStructuredPointsReader.obj) : error LNK2038: mismatch detected for '_ITERATOR_DEBUG_LEVEL': value '0' doesn't match value '2' in Source.obj
     1>vtkIO.lib(vtkStructuredPointsReader.obj) : error LNK2038: mismatch detected for 'RuntimeLibrary': value 'MD_DynamicRelease' doesn't match value 'MDd_DynamicDebug' in Source.obj
     1>vtkIO.lib(vtkUnstructuredGridReader.obj) : error LNK2038: mismatch detected for '_ITERATOR_DEBUG_LEVEL': value '0' doesn't match value '2' in Source.obj
     1>vtkIO.lib(vtkUnstructuredGridReader.obj) : error LNK2038: mismatch detected for 'RuntimeLibrary': value 'MD_DynamicRelease' doesn't match value 'MDd_DynamicDebug' in Source.obj
     1>vtkCommon.lib(vtkOStreamWrapper.obj) : error LNK2038: mismatch detected for '_ITERATOR_DEBUG_LEVEL': value '0' doesn't match value '2' in Source.obj
     1>vtkCommon.lib(vtkOStreamWrapper.obj) : error LNK2038: mismatch detected for 'RuntimeLibrary': value 'MD_DynamicRelease' doesn't match value 'MDd_DynamicDebug' in Source.obj
     1>vtkCommon.lib(vtkOStrStreamWrapper.obj) : error LNK2038: mismatch detected for '_ITERATOR_DEBUG_LEVEL': value '0' doesn't match value '2' in Source.obj
     1>vtkCommon.lib(vtkOStrStreamWrapper.obj) : error LNK2038: mismatch detected for 'RuntimeLibrary': value 'MD_DynamicRelease' doesn't match value 'MDd_DynamicDebug' in Source.obj
     1>vtkCommon.lib(vtkIndent.obj) : error LNK2038: mismatch detected for '_ITERATOR_DEBUG_LEVEL': value '0' doesn't match value '2' in Source.obj
     1>vtkCommon.lib(vtkIndent.obj) : error LNK2038: mismatch detected for 'RuntimeLibrary': value 'MD_DynamicRelease' doesn't match value 'MDd_DynamicDebug' in Source.obj
     1>vtkCommon.lib(vtkObjectBase.obj) : error LNK2038: mismatch detected for '_ITERATOR_DEBUG_LEVEL': value '0' doesn't match value '2' in Source.obj
     1>vtkCommon.lib(vtkObjectBase.obj) : error LNK2038: mismatch detected for 'RuntimeLibrary': value 'MD_DynamicRelease' doesn't match value 'MDd_DynamicDebug' in Source.obj
     1>vtkCommon.lib(vtkOutputWindow.obj) : error LNK2038: mismatch detected for '_ITERATOR_DEBUG_LEVEL': value '0' doesn't match value '2' in Source.obj
     1>vtkCommon.lib(vtkOutputWindow.obj) : error LNK2038: mismatch detected for 'RuntimeLibrary': value 'MD_DynamicRelease' doesn't match value 'MDd_DynamicDebug' in Source.obj
     1>vtkCommon.lib(vtkObject.obj) : error LNK2038: mismatch detected for '_ITERATOR_DEBUG_LEVEL': value '0' doesn't match value '2' in Source.obj
     1>vtkCommon.lib(vtkObject.obj) : error LNK2038: mismatch detected for 'RuntimeLibrary': value 'MD_DynamicRelease' doesn't match value 'MDd_DynamicDebug' in Source.obj
     1>vtkCommon.lib(vtkAbstractArray.obj) : error LNK2038: mismatch detected for '_ITERATOR_DEBUG_LEVEL': value '0' doesn't match value '2' in Source.obj
     1>vtkCommon.lib(vtkAbstractArray.obj) : error LNK2038: mismatch detected for 'RuntimeLibrary': value 'MD_DynamicRelease' doesn't match value 'MDd_DynamicDebug' in Source.obj
     1>vtkCommon.lib(vtkDataArray.obj) : error LNK2038: mismatch detected for '_ITERATOR_DEBUG_LEVEL': value '0' doesn't match value '2' in Source.obj
     1>vtkCommon.lib(vtkDataArray.obj) : error LNK2038: mismatch detected for 'RuntimeLibrary': value 'MD_DynamicRelease' doesn't match value 'MDd_DynamicDebug' in Source.obj
     1>vtkCommon.lib(vtkBitArrayIterator.obj) : error LNK2038: mismatch detected for '_ITERATOR_DEBUG_LEVEL': value '0' doesn't match value '2' in Source.obj
     1>vtkCommon.lib(vtkBitArrayIterator.obj) : error LNK2038: mismatch detected for 'RuntimeLibrary': value 'MD_DynamicRelease' doesn't match value 'MDd_DynamicDebug' in Source.obj
     1>vtkCommon.lib(vtkObjectFactory.obj) : error LNK2038: mismatch detected for '_ITERATOR_DEBUG_LEVEL': value '0' doesn't match value '2' in Source.obj
     1>vtkCommon.lib(vtkObjectFactory.obj) : error LNK2038: mismatch detected for 'RuntimeLibrary': value 'MD_DynamicRelease' doesn't match value 'MDd_DynamicDebug' in Source.obj
     1>vtkCommon.lib(vtkInformation.obj) : error LNK2038: mismatch detected for '_ITERATOR_DEBUG_LEVEL': value '0' doesn't match value '2' in Source.obj
     1>vtkCommon.lib(vtkInformation.obj) : error LNK2038: mismatch detected for 'RuntimeLibrary': value 'MD_DynamicRelease' doesn't match value 'MDd_DynamicDebug' in Source.obj
     1>vtkCommon.lib(vtkInformationVector.obj) : error LNK2038: mismatch detected for '_ITERATOR_DEBUG_LEVEL': value '0' doesn't match value '2' in Source.obj
     1>vtkCommon.lib(vtkInformationVector.obj) : error LNK2038: mismatch detected for 'RuntimeLibrary': value 'MD_DynamicRelease' doesn't match value 'MDd_DynamicDebug' in Source.obj
     1>vtkCommon.lib(vtkTimeStamp.obj) : error LNK2038: mismatch detected for '_ITERATOR_DEBUG_LEVEL': value '0' doesn't match value '2' in Source.obj
     1>vtkCommon.lib(vtkTimeStamp.obj) : error LNK2038: mismatch detected for 'RuntimeLibrary': value 'MD_DynamicRelease' doesn't match value 'MDd_DynamicDebug' in Source.obj
     1>vtkCommon.lib(vtkUnicodeString.obj) : error LNK2038: mismatch detected for '_ITERATOR_DEBUG_LEVEL': value '0' doesn't match value '2' in Source.obj
     1>vtkCommon.lib(vtkUnicodeString.obj) : error LNK2038: mismatch detected for 'RuntimeLibrary': value 'MD_DynamicRelease' doesn't match value 'MDd_DynamicDebug' in Source.obj
     1>vtkCommon.lib(vtkVariant.obj) : error LNK2038: mismatch detected for '_ITERATOR_DEBUG_LEVEL': value '0' doesn't match value '2' in Source.obj
     1>vtkCommon.lib(vtkVariant.obj) : error LNK2038: mismatch detected for 'RuntimeLibrary': value 'MD_DynamicRelease' doesn't match value 'MDd_DynamicDebug' in Source.obj
     1>vtkCommon.lib(vtkBitArray.obj) : error LNK2038: mismatch detected for '_ITERATOR_DEBUG_LEVEL': value '0' doesn't match value '2' in Source.obj
     1>vtkCommon.lib(vtkBitArray.obj) : error LNK2038: mismatch detected for 'RuntimeLibrary': value 'MD_DynamicRelease' doesn't match value 'MDd_DynamicDebug' in Source.obj
     1>vtkCommon.lib(vtkByteSwap.obj) : error LNK2038: mismatch detected for '_ITERATOR_DEBUG_LEVEL': value '0' doesn't match value '2' in Source.obj
     1>vtkCommon.lib(vtkByteSwap.obj) : error LNK2038: mismatch detected for 'RuntimeLibrary': value 'MD_DynamicRelease' doesn't match value 'MDd_DynamicDebug' in Source.obj
     1>vtkCommon.lib(vtkCharArray.obj) : error LNK2038: mismatch detected for '_ITERATOR_DEBUG_LEVEL': value '0' doesn't match value '2' in Source.obj
     1>vtkCommon.lib(vtkCharArray.obj) : error LNK2038: mismatch detected for 'RuntimeLibrary': value 'MD_DynamicRelease' doesn't match value 'MDd_DynamicDebug' in Source.obj
     1>vtkCommon.lib(vtkDoubleArray.obj) : error LNK2038: mismatch detected for '_ITERATOR_DEBUG_LEVEL': value '0' doesn't match value '2' in Source.obj
     1>vtkCommon.lib(vtkDoubleArray.obj) : error LNK2038: mismatch detected for 'RuntimeLibrary': value 'MD_DynamicRelease' doesn't match value 'MDd_DynamicDebug' in Source.obj
     1>vtkCommon.lib(vtkFloatArray.obj) : error LNK2038: mismatch detected for '_ITERATOR_DEBUG_LEVEL': value '0' doesn't match value '2' in Source.obj
     1>vtkCommon.lib(vtkFloatArray.obj) : error LNK2038: mismatch detected for 'RuntimeLibrary': value 'MD_DynamicRelease' doesn't match value 'MDd_DynamicDebug' in Source.obj
     1>vtkCommon.lib(vtkIntArray.obj) : error LNK2038: mismatch detected for '_ITERATOR_DEBUG_LEVEL': value '0' doesn't match value '2' in Source.obj
     1>vtkCommon.lib(vtkIntArray.obj) : error LNK2038: mismatch detected for 'RuntimeLibrary': value 'MD_DynamicRelease' doesn't match value 'MDd_DynamicDebug' in Source.obj
     1>vtkCommon.lib(vtkIdTypeArray.obj) : error LNK2038: mismatch detected for '_ITERATOR_DEBUG_LEVEL': value '0' doesn't match value '2' in Source.obj
     1>vtkCommon.lib(vtkIdTypeArray.obj) : error LNK2038: mismatch detected for 'RuntimeLibrary': value 'MD_DynamicRelease' doesn't match value 'MDd_DynamicDebug' in Source.obj
     1>vtkCommon.lib(vtkLongArray.obj) : error LNK2038: mismatch detected for '_ITERATOR_DEBUG_LEVEL': value '0' doesn't match value '2' in Source.obj
     1>vtkCommon.lib(vtkLongArray.obj) : error LNK2038: mismatch detected for 'RuntimeLibrary': value 'MD_DynamicRelease' doesn't match value 'MDd_DynamicDebug' in Source.obj
     1>vtkCommon.lib(vtkUnsignedCharArray.obj) : error LNK2038: mismatch detected for '_ITERATOR_DEBUG_LEVEL': value '0' doesn't match value '2' in Source.obj
     1>vtkCommon.lib(vtkUnsignedCharArray.obj) : error LNK2038: mismatch detected for 'RuntimeLibrary': value 'MD_DynamicRelease' doesn't match value 'MDd_DynamicDebug' in Source.obj
     1>vtkCommon.lib(vtkLookupTable.obj) : error LNK2038: mismatch detected for '_ITERATOR_DEBUG_LEVEL': value '0' doesn't match value '2' in Source.obj
     1>vtkCommon.lib(vtkLookupTable.obj) : error LNK2038: mismatch detected for 'RuntimeLibrary': value 'MD_DynamicRelease' doesn't match value 'MDd_DynamicDebug' in Source.obj
     1>vtkCommon.lib(vtkPoints.obj) : error LNK2038: mismatch detected for '_ITERATOR_DEBUG_LEVEL': value '0' doesn't match value '2' in Source.obj
     1>vtkCommon.lib(vtkPoints.obj) : error LNK2038: mismatch detected for 'RuntimeLibrary': value 'MD_DynamicRelease' doesn't match value 'MDd_DynamicDebug' in Source.obj
     1>vtkCommon.lib(vtkShortArray.obj) : error LNK2038: mismatch detected for '_ITERATOR_DEBUG_LEVEL': value '0' doesn't match value '2' in Source.obj
     1>vtkCommon.lib(vtkShortArray.obj) : error LNK2038: mismatch detected for 'RuntimeLibrary': value 'MD_DynamicRelease' doesn't match value 'MDd_DynamicDebug' in Source.obj
     1>vtkCommon.lib(vtkStringArray.obj) : error LNK2038: mismatch detected for '_ITERATOR_DEBUG_LEVEL': value '0' doesn't match value '2' in Source.obj
     1>vtkCommon.lib(vtkStringArray.obj) : error LNK2038: mismatch detected for 'RuntimeLibrary': value 'MD_DynamicRelease' doesn't match value 'MDd_DynamicDebug' in Source.obj
     1>vtkCommon.lib(vtkLongLongArray.obj) : error LNK2038: mismatch detected for '_ITERATOR_DEBUG_LEVEL': value '0' doesn't match value '2' in Source.obj
     1>vtkCommon.lib(vtkLongLongArray.obj) : error LNK2038: mismatch detected for 'RuntimeLibrary': value 'MD_DynamicRelease' doesn't match value 'MDd_DynamicDebug' in Source.obj
     1>vtkCommon.lib(vtkTypeInt64Array.obj) : error LNK2038: mismatch detected for '_ITERATOR_DEBUG_LEVEL': value '0' doesn't match value '2' in Source.obj
     1>vtkCommon.lib(vtkTypeInt64Array.obj) : error LNK2038: mismatch detected for 'RuntimeLibrary': value 'MD_DynamicRelease' doesn't match value 'MDd_DynamicDebug' in Source.obj
     1>vtkCommon.lib(vtkUnicodeStringArray.obj) : error LNK2038: mismatch detected for '_ITERATOR_DEBUG_LEVEL': value '0' doesn't match value '2' in Source.obj
     1>vtkCommon.lib(vtkUnicodeStringArray.obj) : error LNK2038: mismatch detected for 'RuntimeLibrary': value 'MD_DynamicRelease' doesn't match value 'MDd_DynamicDebug' in Source.obj
     1>vtkCommon.lib(vtkUnsignedIntArray.obj) : error LNK2038: mismatch detected for '_ITERATOR_DEBUG_LEVEL': value '0' doesn't match value '2' in Source.obj
     1>vtkCommon.lib(vtkUnsignedIntArray.obj) : error LNK2038: mismatch detected for 'RuntimeLibrary': value 'MD_DynamicRelease' doesn't match value 'MDd_DynamicDebug' in Source.obj
     1>vtkCommon.lib(vtkUnsignedLongArray.obj) : error LNK2038: mismatch detected for '_ITERATOR_DEBUG_LEVEL': value '0' doesn't match value '2' in Source.obj
     1>vtkCommon.lib(vtkUnsignedLongArray.obj) : error LNK2038: mismatch detected for 'RuntimeLibrary': value 'MD_DynamicRelease' doesn't match value 'MDd_DynamicDebug' in Source.obj
     1>vtkCommon.lib(vtkUnsignedShortArray.obj) : error LNK2038: mismatch detected for '_ITERATOR_DEBUG_LEVEL': value '0' doesn't match value '2' in Source.obj
     1>vtkCommon.lib(vtkUnsignedShortArray.obj) : error LNK2038: mismatch detected for 'RuntimeLibrary': value 'MD_DynamicRelease' doesn't match value 'MDd_DynamicDebug' in Source.obj
     1>vtkCommon.lib(vtkVariantArray.obj) : error LNK2038: mismatch detected for '_ITERATOR_DEBUG_LEVEL': value '0' doesn't match value '2' in Source.obj
     1>vtkCommon.lib(vtkVariantArray.obj) : error LNK2038: mismatch detected for 'RuntimeLibrary': value 'MD_DynamicRelease' doesn't match value 'MDd_DynamicDebug' in Source.obj
     1>vtkCommon.lib(vtkUnsignedLongLongArray.obj) : error LNK2038: mismatch detected for '_ITERATOR_DEBUG_LEVEL': value '0' doesn't match value '2' in Source.obj
     1>vtkCommon.lib(vtkUnsignedLongLongArray.obj) : error LNK2038: mismatch detected for 'RuntimeLibrary': value 'MD_DynamicRelease' doesn't match value 'MDd_DynamicDebug' in Source.obj
     1>vtkCommon.lib(vtkTypeUInt64Array.obj) : error LNK2038: mismatch detected for '_ITERATOR_DEBUG_LEVEL': value '0' doesn't match value '2' in Source.obj
     1>vtkCommon.lib(vtkTypeUInt64Array.obj) : error LNK2038: mismatch detected for 'RuntimeLibrary': value 'MD_DynamicRelease' doesn't match value 'MDd_DynamicDebug' in Source.obj
     1>vtkCommon.lib(vtkLargeInteger.obj) : error LNK2038: mismatch detected for '_ITERATOR_DEBUG_LEVEL': value '0' doesn't match value '2' in Source.obj
     1>vtkCommon.lib(vtkLargeInteger.obj) : error LNK2038: mismatch detected for 'RuntimeLibrary': value 'MD_DynamicRelease' doesn't match value 'MDd_DynamicDebug' in Source.obj
     1>vtkCommon.lib(vtkStdString.obj) : error LNK2038: mismatch detected for '_ITERATOR_DEBUG_LEVEL': value '0' doesn't match value '2' in Source.obj
     1>vtkCommon.lib(vtkStdString.obj) : error LNK2038: mismatch detected for 'RuntimeLibrary': value 'MD_DynamicRelease' doesn't match value 'MDd_DynamicDebug' in Source.obj
     1>vtkCommon.lib(vtkSmartPointerBase.obj) : error LNK2038: mismatch detected for '_ITERATOR_DEBUG_LEVEL': value '0' doesn't match value '2' in Source.obj
     1>vtkCommon.lib(vtkSmartPointerBase.obj) : error LNK2038: mismatch detected for 'RuntimeLibrary': value 'MD_DynamicRelease' doesn't match value 'MDd_DynamicDebug' in Source.obj
     1>vtkCommon.lib(vtkDebugLeaksManager.obj) : error LNK2038: mismatch detected for '_ITERATOR_DEBUG_LEVEL': value '0' doesn't match value '2' in Source.obj
     1>vtkCommon.lib(vtkDebugLeaksManager.obj) : error LNK2038: mismatch detected for 'RuntimeLibrary': value 'MD_DynamicRelease' doesn't match value 'MDd_DynamicDebug' in Source.obj
     1>vtkCommon.lib(vtkGarbageCollectorManager.obj) : error LNK2038: mismatch detected for '_ITERATOR_DEBUG_LEVEL': value '0' doesn't match value '2' in Source.obj
     1>vtkCommon.lib(vtkGarbageCollectorManager.obj) : error LNK2038: mismatch detected for 'RuntimeLibrary': value 'MD_DynamicRelease' doesn't match value 'MDd_DynamicDebug' in Source.obj
     1>vtkCommon.lib(vtkGarbageCollector.obj) : error LNK2038: mismatch detected for '_ITERATOR_DEBUG_LEVEL': value '0' doesn't match value '2' in Source.obj
     1>vtkCommon.lib(vtkGarbageCollector.obj) : error LNK2038: mismatch detected for 'RuntimeLibrary': value 'MD_DynamicRelease' doesn't match value 'MDd_DynamicDebug' in Source.obj
     1>vtkCommon.lib(vtkWin32OutputWindow.obj) : error LNK2038: mismatch detected for '_ITERATOR_DEBUG_LEVEL': value '0' doesn't match value '2' in Source.obj
     1>vtkCommon.lib(vtkWin32OutputWindow.obj) : error LNK2038: mismatch detected for 'RuntimeLibrary': value 'MD_DynamicRelease' doesn't match value 'MDd_DynamicDebug' in Source.obj
     1>vtkCommon.lib(vtkCommand.obj) : error LNK2038: mismatch detected for '_ITERATOR_DEBUG_LEVEL': value '0' doesn't match value '2' in Source.obj
     1>vtkCommon.lib(vtkCommand.obj) : error LNK2038: mismatch detected for 'RuntimeLibrary': value 'MD_DynamicRelease' doesn't match value 'MDd_DynamicDebug' in Source.obj
     1>vtkCommon.lib(vtkSignedCharArray.obj) : error LNK2038: mismatch detected for '_ITERATOR_DEBUG_LEVEL': value '0' doesn't match value '2' in Source.obj
     1>vtkCommon.lib(vtkSignedCharArray.obj) : error LNK2038: mismatch detected for 'RuntimeLibrary': value 'MD_DynamicRelease' doesn't match value 'MDd_DynamicDebug' in Source.obj
     1>vtkCommon.lib(vtkCommonInformationKeyManager.obj) : error LNK2038: mismatch detected for '_ITERATOR_DEBUG_LEVEL': value '0' doesn't match value '2' in Source.obj
     1>vtkCommon.lib(vtkCommonInformationKeyManager.obj) : error LNK2038: mismatch detected for 'RuntimeLibrary': value 'MD_DynamicRelease' doesn't match value 'MDd_DynamicDebug' in Source.obj
     1>vtkCommon.lib(vtkInformationIntegerKey.obj) : error LNK2038: mismatch detected for '_ITERATOR_DEBUG_LEVEL': value '0' doesn't match value '2' in Source.obj
     1>vtkCommon.lib(vtkInformationIntegerKey.obj) : error LNK2038: mismatch detected for 'RuntimeLibrary': value 'MD_DynamicRelease' doesn't match value 'MDd_DynamicDebug' in Source.obj
     1>vtkCommon.lib(vtkInformationDoubleVectorKey.obj) : error LNK2038: mismatch detected for '_ITERATOR_DEBUG_LEVEL': value '0' doesn't match value '2' in Source.obj
     1>vtkCommon.lib(vtkInformationDoubleVectorKey.obj) : error LNK2038: mismatch detected for 'RuntimeLibrary': value 'MD_DynamicRelease' doesn't match value 'MDd_DynamicDebug' in Source.obj
     1>vtkCommon.lib(vtkInformationInformationVectorKey.obj) : error LNK2038: mismatch detected for '_ITERATOR_DEBUG_LEVEL': value '0' doesn't match value '2' in Source.obj
     1>vtkCommon.lib(vtkInformationInformationVectorKey.obj) : error LNK2038: mismatch detected for 'RuntimeLibrary': value 'MD_DynamicRelease' doesn't match value 'MDd_DynamicDebug' in Source.obj
     1>vtkCommon.lib(vtkMath.obj) : error LNK2038: mismatch detected for '_ITERATOR_DEBUG_LEVEL': value '0' doesn't match value '2' in Source.obj
     1>vtkCommon.lib(vtkMath.obj) : error LNK2038: mismatch detected for 'RuntimeLibrary': value 'MD_DynamicRelease' doesn't match value 'MDd_DynamicDebug' in Source.obj
     1>vtkCommon.lib(vtkArrayIterator.obj) : error LNK2038: mismatch detected for '_ITERATOR_DEBUG_LEVEL': value '0' doesn't match value '2' in Source.obj
     1>vtkCommon.lib(vtkArrayIterator.obj) : error LNK2038: mismatch detected for 'RuntimeLibrary': value 'MD_DynamicRelease' doesn't match value 'MDd_DynamicDebug' in Source.obj
     1>vtkCommon.lib(vtkDynamicLoader.obj) : error LNK2038: mismatch detected for '_ITERATOR_DEBUG_LEVEL': value '0' doesn't match value '2' in Source.obj
     1>vtkCommon.lib(vtkDynamicLoader.obj) : error LNK2038: mismatch detected for 'RuntimeLibrary': value 'MD_DynamicRelease' doesn't match value 'MDd_DynamicDebug' in Source.obj
     1>vtkCommon.lib(vtkCollection.obj) : error LNK2038: mismatch detected for '_ITERATOR_DEBUG_LEVEL': value '0' doesn't match value '2' in Source.obj
     1>vtkCommon.lib(vtkCollection.obj) : error LNK2038: mismatch detected for 'RuntimeLibrary': value 'MD_DynamicRelease' doesn't match value 'MDd_DynamicDebug' in Source.obj
     1>vtkCommon.lib(vtkObjectFactoryCollection.obj) : error LNK2038: mismatch detected for '_ITERATOR_DEBUG_LEVEL': value '0' doesn't match value '2' in Source.obj
     1>vtkCommon.lib(vtkObjectFactoryCollection.obj) : error LNK2038: mismatch detected for 'RuntimeLibrary': value 'MD_DynamicRelease' doesn't match value 'MDd_DynamicDebug' in Source.obj
     1>vtkCommon.lib(vtkOverrideInformation.obj) : error LNK2038: mismatch detected for '_ITERATOR_DEBUG_LEVEL': value '0' doesn't match value '2' in Source.obj
     1>vtkCommon.lib(vtkOverrideInformation.obj) : error LNK2038: mismatch detected for 'RuntimeLibrary': value 'MD_DynamicRelease' doesn't match value 'MDd_DynamicDebug' in Source.obj
     1>vtkCommon.lib(vtkInformationKey.obj) : error LNK2038: mismatch detected for '_ITERATOR_DEBUG_LEVEL': value '0' doesn't match value '2' in Source.obj
     1>vtkCommon.lib(vtkInformationKey.obj) : error LNK2038: mismatch detected for 'RuntimeLibrary': value 'MD_DynamicRelease' doesn't match value 'MDd_DynamicDebug' in Source.obj
     1>vtkCommon.lib(vtkInformationDataObjectKey.obj) : error LNK2038: mismatch detected for '_ITERATOR_DEBUG_LEVEL': value '0' doesn't match value '2' in Source.obj
     1>vtkCommon.lib(vtkInformationDataObjectKey.obj) : error LNK2038: mismatch detected for 'RuntimeLibrary': value 'MD_DynamicRelease' doesn't match value 'MDd_DynamicDebug' in Source.obj
     1>vtkCommon.lib(vtkInformationDoubleKey.obj) : error LNK2038: mismatch detected for '_ITERATOR_DEBUG_LEVEL': value '0' doesn't match value '2' in Source.obj
     1>vtkCommon.lib(vtkInformationDoubleKey.obj) : error LNK2038: mismatch detected for 'RuntimeLibrary': value 'MD_DynamicRelease' doesn't match value 'MDd_DynamicDebug' in Source.obj
     1>vtkCommon.lib(vtkInformationIdTypeKey.obj) : error LNK2038: mismatch detected for '_ITERATOR_DEBUG_LEVEL': value '0' doesn't match value '2' in Source.obj
     1>vtkCommon.lib(vtkInformationIdTypeKey.obj) : error LNK2038: mismatch detected for 'RuntimeLibrary': value 'MD_DynamicRelease' doesn't match value 'MDd_DynamicDebug' in Source.obj
     1>vtkCommon.lib(vtkInformationInformationKey.obj) : error LNK2038: mismatch detected for '_ITERATOR_DEBUG_LEVEL': value '0' doesn't match value '2' in Source.obj
     1>vtkCommon.lib(vtkInformationInformationKey.obj) : error LNK2038: mismatch detected for 'RuntimeLibrary': value 'MD_DynamicRelease' doesn't match value 'MDd_DynamicDebug' in Source.obj
     1>vtkCommon.lib(vtkInformationIntegerPointerKey.obj) : error LNK2038: mismatch detected for '_ITERATOR_DEBUG_LEVEL': value '0' doesn't match value '2' in Source.obj
     1>vtkCommon.lib(vtkInformationIntegerPointerKey.obj) : error LNK2038: mismatch detected for 'RuntimeLibrary': value 'MD_DynamicRelease' doesn't match value 'MDd_DynamicDebug' in Source.obj
     1>vtkCommon.lib(vtkInformationIntegerVectorKey.obj) : error LNK2038: mismatch detected for '_ITERATOR_DEBUG_LEVEL': value '0' doesn't match value '2' in Source.obj
     1>vtkCommon.lib(vtkInformationIntegerVectorKey.obj) : error LNK2038: mismatch detected for 'RuntimeLibrary': value 'MD_DynamicRelease' doesn't match value 'MDd_DynamicDebug' in Source.obj
     1>vtkCommon.lib(vtkInformationIterator.obj) : error LNK2038: mismatch detected for '_ITERATOR_DEBUG_LEVEL': value '0' doesn't match value '2' in Source.obj
     1>vtkCommon.lib(vtkInformationIterator.obj) : error LNK2038: mismatch detected for 'RuntimeLibrary': value 'MD_DynamicRelease' doesn't match value 'MDd_DynamicDebug' in Source.obj
     1>vtkCommon.lib(vtkInformationKeyVectorKey.obj) : error LNK2038: mismatch detected for '_ITERATOR_DEBUG_LEVEL': value '0' doesn't match value '2' in Source.obj
     1>vtkCommon.lib(vtkInformationKeyVectorKey.obj) : error LNK2038: mismatch detected for 'RuntimeLibrary': value 'MD_DynamicRelease' doesn't match value 'MDd_DynamicDebug' in Source.obj
     1>vtkCommon.lib(vtkInformationObjectBaseKey.obj) : error LNK2038: mismatch detected for '_ITERATOR_DEBUG_LEVEL': value '0' doesn't match value '2' in Source.obj
     1>vtkCommon.lib(vtkInformationObjectBaseKey.obj) : error LNK2038: mismatch detected for 'RuntimeLibrary': value 'MD_DynamicRelease' doesn't match value 'MDd_DynamicDebug' in Source.obj
     1>vtkCommon.lib(vtkInformationRequestKey.obj) : error LNK2038: mismatch detected for '_ITERATOR_DEBUG_LEVEL': value '0' doesn't match value '2' in Source.obj
     1>vtkCommon.lib(vtkInformationRequestKey.obj) : error LNK2038: mismatch detected for 'RuntimeLibrary': value 'MD_DynamicRelease' doesn't match value 'MDd_DynamicDebug' in Source.obj
     1>vtkCommon.lib(vtkInformationStringKey.obj) : error LNK2038: mismatch detected for '_ITERATOR_DEBUG_LEVEL': value '0' doesn't match value '2' in Source.obj
     1>vtkCommon.lib(vtkInformationStringKey.obj) : error LNK2038: mismatch detected for 'RuntimeLibrary': value 'MD_DynamicRelease' doesn't match value 'MDd_DynamicDebug' in Source.obj
     1>vtkCommon.lib(vtkInformationStringVectorKey.obj) : error LNK2038: mismatch detected for '_ITERATOR_DEBUG_LEVEL': value '0' doesn't match value '2' in Source.obj
     1>vtkCommon.lib(vtkInformationStringVectorKey.obj) : error LNK2038: mismatch detected for 'RuntimeLibrary': value 'MD_DynamicRelease' doesn't match value 'MDd_DynamicDebug' in Source.obj
     1>vtkCommon.lib(vtkInformationUnsignedLongKey.obj) : error LNK2038: mismatch detected for '_ITERATOR_DEBUG_LEVEL': value '0' doesn't match value '2' in Source.obj
     1>vtkCommon.lib(vtkInformationUnsignedLongKey.obj) : error LNK2038: mismatch detected for 'RuntimeLibrary': value 'MD_DynamicRelease' doesn't match value 'MDd_DynamicDebug' in Source.obj
     1>vtkCommon.lib(vtkIdList.obj) : error LNK2038: mismatch detected for '_ITERATOR_DEBUG_LEVEL': value '0' doesn't match value '2' in Source.obj
     1>vtkCommon.lib(vtkIdList.obj) : error LNK2038: mismatch detected for 'RuntimeLibrary': value 'MD_DynamicRelease' doesn't match value 'MDd_DynamicDebug' in Source.obj
     1>vtkCommon.lib(vtkSortDataArray.obj) : error LNK2038: mismatch detected for '_ITERATOR_DEBUG_LEVEL': value '0' doesn't match value '2' in Source.obj
     1>vtkCommon.lib(vtkSortDataArray.obj) : error LNK2038: mismatch detected for 'RuntimeLibrary': value 'MD_DynamicRelease' doesn't match value 'MDd_DynamicDebug' in Source.obj
     1>vtkCommon.lib(vtkScalarsToColors.obj) : error LNK2038: mismatch detected for '_ITERATOR_DEBUG_LEVEL': value '0' doesn't match value '2' in Source.obj
     1>vtkCommon.lib(vtkScalarsToColors.obj) : error LNK2038: mismatch detected for 'RuntimeLibrary': value 'MD_DynamicRelease' doesn't match value 'MDd_DynamicDebug' in Source.obj
     1>vtkCommon.lib(vtkDebugLeaks.obj) : error LNK2038: mismatch detected for '_ITERATOR_DEBUG_LEVEL': value '0' doesn't match value '2' in Source.obj
     1>vtkCommon.lib(vtkDebugLeaks.obj) : error LNK2038: mismatch detected for 'RuntimeLibrary': value 'MD_DynamicRelease' doesn't match value 'MDd_DynamicDebug' in Source.obj
     1>vtkCommon.lib(vtkMultiThreader.obj) : error LNK2038: mismatch detected for '_ITERATOR_DEBUG_LEVEL': value '0' doesn't match value '2' in Source.obj
     1>vtkCommon.lib(vtkMultiThreader.obj) : error LNK2038: mismatch detected for 'RuntimeLibrary': value 'MD_DynamicRelease' doesn't match value 'MDd_DynamicDebug' in Source.obj
     1>vtkCommon.lib(vtkBoxMuellerRandomSequence.obj) : error LNK2038: mismatch detected for '_ITERATOR_DEBUG_LEVEL': value '0' doesn't match value '2' in Source.obj
     1>vtkCommon.lib(vtkBoxMuellerRandomSequence.obj) : error LNK2038: mismatch detected for 'RuntimeLibrary': value 'MD_DynamicRelease' doesn't match value 'MDd_DynamicDebug' in Source.obj
     1>vtkCommon.lib(vtkMinimalStandardRandomSequence.obj) : error LNK2038: mismatch detected for '_ITERATOR_DEBUG_LEVEL': value '0' doesn't match value '2' in Source.obj
     1>vtkCommon.lib(vtkMinimalStandardRandomSequence.obj) : error LNK2038: mismatch detected for 'RuntimeLibrary': value 'MD_DynamicRelease' doesn't match value 'MDd_DynamicDebug' in Source.obj
     1>vtkCommon.lib(vtkCollectionIterator.obj) : error LNK2038: mismatch detected for '_ITERATOR_DEBUG_LEVEL': value '0' doesn't match value '2' in Source.obj
     1>vtkCommon.lib(vtkCollectionIterator.obj) : error LNK2038: mismatch detected for 'RuntimeLibrary': value 'MD_DynamicRelease' doesn't match value 'MDd_DynamicDebug' in Source.obj
     1>vtkCommon.lib(vtkMutexLock.obj) : error LNK2038: mismatch detected for '_ITERATOR_DEBUG_LEVEL': value '0' doesn't match value '2' in Source.obj
     1>vtkCommon.lib(vtkMutexLock.obj) : error LNK2038: mismatch detected for 'RuntimeLibrary': value 'MD_DynamicRelease' doesn't match value 'MDd_DynamicDebug' in Source.obj
     1>vtkCommon.lib(vtkGaussianRandomSequence.obj) : error LNK2038: mismatch detected for '_ITERATOR_DEBUG_LEVEL': value '0' doesn't match value '2' in Source.obj
     1>vtkCommon.lib(vtkGaussianRandomSequence.obj) : error LNK2038: mismatch detected for 'RuntimeLibrary': value 'MD_DynamicRelease' doesn't match value 'MDd_DynamicDebug' in Source.obj
     1>vtkCommon.lib(vtkRandomSequence.obj) : error LNK2038: mismatch detected for '_ITERATOR_DEBUG_LEVEL': value '0' doesn't match value '2' in Source.obj
     1>vtkCommon.lib(vtkRandomSequence.obj) : error LNK2038: mismatch detected for 'RuntimeLibrary': value 'MD_DynamicRelease' doesn't match value 'MDd_DynamicDebug' in Source.obj
     1>vtkFiltering.lib(vtkAlgorithm.obj) : error LNK2038: mismatch detected for '_ITERATOR_DEBUG_LEVEL': value '0' doesn't match value '2' in Source.obj
     1>vtkFiltering.lib(vtkAlgorithm.obj) : error LNK2038: mismatch detected for 'RuntimeLibrary': value 'MD_DynamicRelease' doesn't match value 'MDd_DynamicDebug' in Source.obj
     1>vtkFiltering.lib(vtkDataObject.obj) : error LNK2038: mismatch detected for '_ITERATOR_DEBUG_LEVEL': value '0' doesn't match value '2' in Source.obj
     1>vtkFiltering.lib(vtkDataObject.obj) : error LNK2038: mismatch detected for 'RuntimeLibrary': value 'MD_DynamicRelease' doesn't match value 'MDd_DynamicDebug' in Source.obj
     1>vtkFiltering.lib(vtkPolyData.obj) : error LNK2038: mismatch detected for '_ITERATOR_DEBUG_LEVEL': value '0' doesn't match value '2' in Source.obj
     1>vtkFiltering.lib(vtkPolyData.obj) : error LNK2038: mismatch detected for 'RuntimeLibrary': value 'MD_DynamicRelease' doesn't match value 'MDd_DynamicDebug' in Source.obj
     1>vtkFiltering.lib(vtkRectilinearGrid.obj) : error LNK2038: mismatch detected for '_ITERATOR_DEBUG_LEVEL': value '0' doesn't match value '2' in Source.obj
     1>vtkFiltering.lib(vtkRectilinearGrid.obj) : error LNK2038: mismatch detected for 'RuntimeLibrary': value 'MD_DynamicRelease' doesn't match value 'MDd_DynamicDebug' in Source.obj
     1>vtkFiltering.lib(vtkDemandDrivenPipeline.obj) : error LNK2038: mismatch detected for '_ITERATOR_DEBUG_LEVEL': value '0' doesn't match value '2' in Source.obj
     1>vtkFiltering.lib(vtkDemandDrivenPipeline.obj) : error LNK2038: mismatch detected for 'RuntimeLibrary': value 'MD_DynamicRelease' doesn't match value 'MDd_DynamicDebug' in Source.obj
     1>vtkFiltering.lib(vtkStreamingDemandDrivenPipeline.obj) : error LNK2038: mismatch detected for '_ITERATOR_DEBUG_LEVEL': value '0' doesn't match value '2' in Source.obj
     1>vtkFiltering.lib(vtkStreamingDemandDrivenPipeline.obj) : error LNK2038: mismatch detected for 'RuntimeLibrary': value 'MD_DynamicRelease' doesn't match value 'MDd_DynamicDebug' in Source.obj
     1>vtkFiltering.lib(vtkStructuredGrid.obj) : error LNK2038: mismatch detected for '_ITERATOR_DEBUG_LEVEL': value '0' doesn't match value '2' in Source.obj
     1>vtkFiltering.lib(vtkStructuredGrid.obj) : error LNK2038: mismatch detected for 'RuntimeLibrary': value 'MD_DynamicRelease' doesn't match value 'MDd_DynamicDebug' in Source.obj
     1>vtkFiltering.lib(vtkStructuredPoints.obj) : error LNK2038: mismatch detected for '_ITERATOR_DEBUG_LEVEL': value '0' doesn't match value '2' in Source.obj
     1>vtkFiltering.lib(vtkStructuredPoints.obj) : error LNK2038: mismatch detected for 'RuntimeLibrary': value 'MD_DynamicRelease' doesn't match value 'MDd_DynamicDebug' in Source.obj
     1>vtkFiltering.lib(vtkUnstructuredGrid.obj) : error LNK2038: mismatch detected for '_ITERATOR_DEBUG_LEVEL': value '0' doesn't match value '2' in Source.obj
     1>vtkFiltering.lib(vtkUnstructuredGrid.obj) : error LNK2038: mismatch detected for 'RuntimeLibrary': value 'MD_DynamicRelease' doesn't match value 'MDd_DynamicDebug' in Source.obj
     1>vtkFiltering.lib(vtkCellArray.obj) : error LNK2038: mismatch detected for '_ITERATOR_DEBUG_LEVEL': value '0' doesn't match value '2' in Source.obj
     1>vtkFiltering.lib(vtkCellArray.obj) : error LNK2038: mismatch detected for 'RuntimeLibrary': value 'MD_DynamicRelease' doesn't match value 'MDd_DynamicDebug' in Source.obj
     1>vtkFiltering.lib(vtkAlgorithmOutput.obj) : error LNK2038: mismatch detected for '_ITERATOR_DEBUG_LEVEL': value '0' doesn't match value '2' in Source.obj
     1>vtkFiltering.lib(vtkAlgorithmOutput.obj) : error LNK2038: mismatch detected for 'RuntimeLibrary': value 'MD_DynamicRelease' doesn't match value 'MDd_DynamicDebug' in Source.obj
     1>vtkFiltering.lib(vtkFilteringInformationKeyManager.obj) : error LNK2038: mismatch detected for '_ITERATOR_DEBUG_LEVEL': value '0' doesn't match value '2' in Source.obj
     1>vtkFiltering.lib(vtkFilteringInformationKeyManager.obj) : error LNK2038: mismatch detected for 'RuntimeLibrary': value 'MD_DynamicRelease' doesn't match value 'MDd_DynamicDebug' in Source.obj
     1>vtkFiltering.lib(vtkInformationExecutivePortKey.obj) : error LNK2038: mismatch detected for '_ITERATOR_DEBUG_LEVEL': value '0' doesn't match value '2' in Source.obj
     1>vtkFiltering.lib(vtkInformationExecutivePortKey.obj) : error LNK2038: mismatch detected for 'RuntimeLibrary': value 'MD_DynamicRelease' doesn't match value 'MDd_DynamicDebug' in Source.obj
     1>vtkFiltering.lib(vtkInformationExecutivePortVectorKey.obj) : error LNK2038: mismatch detected for '_ITERATOR_DEBUG_LEVEL': value '0' doesn't match value '2' in Source.obj
     1>vtkFiltering.lib(vtkInformationExecutivePortVectorKey.obj) : error LNK2038: mismatch detected for 'RuntimeLibrary': value 'MD_DynamicRelease' doesn't match value 'MDd_DynamicDebug' in Source.obj
     1>vtkFiltering.lib(vtkExecutive.obj) : error LNK2038: mismatch detected for '_ITERATOR_DEBUG_LEVEL': value '0' doesn't match value '2' in Source.obj
     1>vtkFiltering.lib(vtkExecutive.obj) : error LNK2038: mismatch detected for 'RuntimeLibrary': value 'MD_DynamicRelease' doesn't match value 'MDd_DynamicDebug' in Source.obj
     1>vtkFiltering.lib(vtkSource.obj) : error LNK2038: mismatch detected for '_ITERATOR_DEBUG_LEVEL': value '0' doesn't match value '2' in Source.obj
     1>vtkFiltering.lib(vtkSource.obj) : error LNK2038: mismatch detected for 'RuntimeLibrary': value 'MD_DynamicRelease' doesn't match value 'MDd_DynamicDebug' in Source.obj
     1>vtkFiltering.lib(vtkTrivialProducer.obj) : error LNK2038: mismatch detected for '_ITERATOR_DEBUG_LEVEL': value '0' doesn't match value '2' in Source.obj
     1>vtkFiltering.lib(vtkTrivialProducer.obj) : error LNK2038: mismatch detected for 'RuntimeLibrary': value 'MD_DynamicRelease' doesn't match value 'MDd_DynamicDebug' in Source.obj
     1>vtkFiltering.lib(vtkDataSet.obj) : error LNK2038: mismatch detected for '_ITERATOR_DEBUG_LEVEL': value '0' doesn't match value '2' in Source.obj
     1>vtkFiltering.lib(vtkDataSet.obj) : error LNK2038: mismatch detected for 'RuntimeLibrary': value 'MD_DynamicRelease' doesn't match value 'MDd_DynamicDebug' in Source.obj
     1>vtkFiltering.lib(vtkPointSet.obj) : error LNK2038: mismatch detected for '_ITERATOR_DEBUG_LEVEL': value '0' doesn't match value '2' in Source.obj
     1>vtkFiltering.lib(vtkPointSet.obj) : error LNK2038: mismatch detected for 'RuntimeLibrary': value 'MD_DynamicRelease' doesn't match value 'MDd_DynamicDebug' in Source.obj
     1>vtkFiltering.lib(vtkCellTypes.obj) : error LNK2038: mismatch detected for '_ITERATOR_DEBUG_LEVEL': value '0' doesn't match value '2' in Source.obj
     1>vtkFiltering.lib(vtkCellTypes.obj) : error LNK2038: mismatch detected for 'RuntimeLibrary': value 'MD_DynamicRelease' doesn't match value 'MDd_DynamicDebug' in Source.obj
     1>vtkFiltering.lib(vtkCellLinks.obj) : error LNK2038: mismatch detected for '_ITERATOR_DEBUG_LEVEL': value '0' doesn't match value '2' in Source.obj
     1>vtkFiltering.lib(vtkCellLinks.obj) : error LNK2038: mismatch detected for 'RuntimeLibrary': value 'MD_DynamicRelease' doesn't match value 'MDd_DynamicDebug' in Source.obj
     1>vtkFiltering.lib(vtkCellData.obj) : error LNK2038: mismatch detected for '_ITERATOR_DEBUG_LEVEL': value '0' doesn't match value '2' in Source.obj
     1>vtkFiltering.lib(vtkCellData.obj) : error LNK2038: mismatch detected for 'RuntimeLibrary': value 'MD_DynamicRelease' doesn't match value 'MDd_DynamicDebug' in Source.obj
     1>vtkFiltering.lib(vtkEmptyCell.obj) : error LNK2038: mismatch detected for '_ITERATOR_DEBUG_LEVEL': value '0' doesn't match value '2' in Source.obj
     1>vtkFiltering.lib(vtkEmptyCell.obj) : error LNK2038: mismatch detected for 'RuntimeLibrary': value 'MD_DynamicRelease' doesn't match value 'MDd_DynamicDebug' in Source.obj
     1>vtkFiltering.lib(vtkGenericCell.obj) : error LNK2038: mismatch detected for '_ITERATOR_DEBUG_LEVEL': value '0' doesn't match value '2' in Source.obj
     1>vtkFiltering.lib(vtkGenericCell.obj) : error LNK2038: mismatch detected for 'RuntimeLibrary': value 'MD_DynamicRelease' doesn't match value 'MDd_DynamicDebug' in Source.obj
     1>vtkFiltering.lib(vtkLine.obj) : error LNK2038: mismatch detected for '_ITERATOR_DEBUG_LEVEL': value '0' doesn't match value '2' in Source.obj
     1>vtkFiltering.lib(vtkLine.obj) : error LNK2038: mismatch detected for 'RuntimeLibrary': value 'MD_DynamicRelease' doesn't match value 'MDd_DynamicDebug' in Source.obj
     1>vtkFiltering.lib(vtkPolyLine.obj) : error LNK2038: mismatch detected for '_ITERATOR_DEBUG_LEVEL': value '0' doesn't match value '2' in Source.obj
     1>vtkFiltering.lib(vtkPolyLine.obj) : error LNK2038: mismatch detected for 'RuntimeLibrary': value 'MD_DynamicRelease' doesn't match value 'MDd_DynamicDebug' in Source.obj
     1>vtkFiltering.lib(vtkPolyVertex.obj) : error LNK2038: mismatch detected for '_ITERATOR_DEBUG_LEVEL': value '0' doesn't match value '2' in Source.obj
     1>vtkFiltering.lib(vtkPolyVertex.obj) : error LNK2038: mismatch detected for 'RuntimeLibrary': value 'MD_DynamicRelease' doesn't match value 'MDd_DynamicDebug' in Source.obj
     1>vtkFiltering.lib(vtkPolygon.obj) : error LNK2038: mismatch detected for '_ITERATOR_DEBUG_LEVEL': value '0' doesn't match value '2' in Source.obj
     1>vtkFiltering.lib(vtkPolygon.obj) : error LNK2038: mismatch detected for 'RuntimeLibrary': value 'MD_DynamicRelease' doesn't match value 'MDd_DynamicDebug' in Source.obj
     1>vtkFiltering.lib(vtkQuad.obj) : error LNK2038: mismatch detected for '_ITERATOR_DEBUG_LEVEL': value '0' doesn't match value '2' in Source.obj
     1>vtkFiltering.lib(vtkQuad.obj) : error LNK2038: mismatch detected for 'RuntimeLibrary': value 'MD_DynamicRelease' doesn't match value 'MDd_DynamicDebug' in Source.obj
     1>vtkFiltering.lib(vtkTriangle.obj) : error LNK2038: mismatch detected for '_ITERATOR_DEBUG_LEVEL': value '0' doesn't match value '2' in Source.obj
     1>vtkFiltering.lib(vtkTriangle.obj) : error LNK2038: mismatch detected for 'RuntimeLibrary': value 'MD_DynamicRelease' doesn't match value 'MDd_DynamicDebug' in Source.obj
     1>vtkFiltering.lib(vtkTriangleStrip.obj) : error LNK2038: mismatch detected for '_ITERATOR_DEBUG_LEVEL': value '0' doesn't match value '2' in Source.obj
     1>vtkFiltering.lib(vtkTriangleStrip.obj) : error LNK2038: mismatch detected for 'RuntimeLibrary': value 'MD_DynamicRelease' doesn't match value 'MDd_DynamicDebug' in Source.obj
     1>vtkFiltering.lib(vtkVertex.obj) : error LNK2038: mismatch detected for '_ITERATOR_DEBUG_LEVEL': value '0' doesn't match value '2' in Source.obj
     1>vtkFiltering.lib(vtkVertex.obj) : error LNK2038: mismatch detected for 'RuntimeLibrary': value 'MD_DynamicRelease' doesn't match value 'MDd_DynamicDebug' in Source.obj
     1>vtkFiltering.lib(vtkPixel.obj) : error LNK2038: mismatch detected for '_ITERATOR_DEBUG_LEVEL': value '0' doesn't match value '2' in Source.obj
     1>vtkFiltering.lib(vtkPixel.obj) : error LNK2038: mismatch detected for 'RuntimeLibrary': value 'MD_DynamicRelease' doesn't match value 'MDd_DynamicDebug' in Source.obj
     1>vtkFiltering.lib(vtkVoxel.obj) : error LNK2038: mismatch detected for '_ITERATOR_DEBUG_LEVEL': value '0' doesn't match value '2' in Source.obj
     1>vtkFiltering.lib(vtkVoxel.obj) : error LNK2038: mismatch detected for 'RuntimeLibrary': value 'MD_DynamicRelease' doesn't match value 'MDd_DynamicDebug' in Source.obj
     1>vtkFiltering.lib(vtkDataObjectTypes.obj) : error LNK2038: mismatch detected for '_ITERATOR_DEBUG_LEVEL': value '0' doesn't match value '2' in Source.obj
     1>vtkFiltering.lib(vtkDataObjectTypes.obj) : error LNK2038: mismatch detected for 'RuntimeLibrary': value 'MD_DynamicRelease' doesn't match value 'MDd_DynamicDebug' in Source.obj
     1>vtkFiltering.lib(vtkHexahedron.obj) : error LNK2038: mismatch detected for '_ITERATOR_DEBUG_LEVEL': value '0' doesn't match value '2' in Source.obj
     1>vtkFiltering.lib(vtkHexahedron.obj) : error LNK2038: mismatch detected for 'RuntimeLibrary': value 'MD_DynamicRelease' doesn't match value 'MDd_DynamicDebug' in Source.obj
     1>vtkFiltering.lib(vtkImageData.obj) : error LNK2038: mismatch detected for '_ITERATOR_DEBUG_LEVEL': value '0' doesn't match value '2' in Source.obj
     1>vtkFiltering.lib(vtkImageData.obj) : error LNK2038: mismatch detected for 'RuntimeLibrary': value 'MD_DynamicRelease' doesn't match value 'MDd_DynamicDebug' in Source.obj
     1>vtkFiltering.lib(vtkConvexPointSet.obj) : error LNK2038: mismatch detected for '_ITERATOR_DEBUG_LEVEL': value '0' doesn't match value '2' in Source.obj
     1>vtkFiltering.lib(vtkConvexPointSet.obj) : error LNK2038: mismatch detected for 'RuntimeLibrary': value 'MD_DynamicRelease' doesn't match value 'MDd_DynamicDebug' in Source.obj
     1>vtkFiltering.lib(vtkCubicLine.obj) : error LNK2038: mismatch detected for '_ITERATOR_DEBUG_LEVEL': value '0' doesn't match value '2' in Source.obj
     1>vtkFiltering.lib(vtkCubicLine.obj) : error LNK2038: mismatch detected for 'RuntimeLibrary': value 'MD_DynamicRelease' doesn't match value 'MDd_DynamicDebug' in Source.obj
     1>vtkFiltering.lib(vtkPolyhedron.obj) : error LNK2038: mismatch detected for '_ITERATOR_DEBUG_LEVEL': value '0' doesn't match value '2' in Source.obj
     1>vtkFiltering.lib(vtkPolyhedron.obj) : error LNK2038: mismatch detected for 'RuntimeLibrary': value 'MD_DynamicRelease' doesn't match value 'MDd_DynamicDebug' in Source.obj
     1>vtkFiltering.lib(vtkPyramid.obj) : error LNK2038: mismatch detected for '_ITERATOR_DEBUG_LEVEL': value '0' doesn't match value '2' in Source.obj
     1>vtkFiltering.lib(vtkPyramid.obj) : error LNK2038: mismatch detected for 'RuntimeLibrary': value 'MD_DynamicRelease' doesn't match value 'MDd_DynamicDebug' in Source.obj
     1>vtkFiltering.lib(vtkPentagonalPrism.obj) : error LNK2038: mismatch detected for '_ITERATOR_DEBUG_LEVEL': value '0' doesn't match value '2' in Source.obj
     1>vtkFiltering.lib(vtkPentagonalPrism.obj) : error LNK2038: mismatch detected for 'RuntimeLibrary': value 'MD_DynamicRelease' doesn't match value 'MDd_DynamicDebug' in Source.obj
     1>vtkFiltering.lib(vtkHexagonalPrism.obj) : error LNK2038: mismatch detected for '_ITERATOR_DEBUG_LEVEL': value '0' doesn't match value '2' in Source.obj
     1>vtkFiltering.lib(vtkHexagonalPrism.obj) : error LNK2038: mismatch detected for 'RuntimeLibrary': value 'MD_DynamicRelease' doesn't match value 'MDd_DynamicDebug' in Source.obj
     1>vtkFiltering.lib(vtkQuadraticEdge.obj) : error LNK2038: mismatch detected for '_ITERATOR_DEBUG_LEVEL': value '0' doesn't match value '2' in Source.obj
     1>vtkFiltering.lib(vtkQuadraticEdge.obj) : error LNK2038: mismatch detected for 'RuntimeLibrary': value 'MD_DynamicRelease' doesn't match value 'MDd_DynamicDebug' in Source.obj
     1>vtkFiltering.lib(vtkQuadraticHexahedron.obj) : error LNK2038: mismatch detected for '_ITERATOR_DEBUG_LEVEL': value '0' doesn't match value '2' in Source.obj
     1>vtkFiltering.lib(vtkQuadraticHexahedron.obj) : error LNK2038: mismatch detected for 'RuntimeLibrary': value 'MD_DynamicRelease' doesn't match value 'MDd_DynamicDebug' in Source.obj
     1>vtkFiltering.lib(vtkQuadraticWedge.obj) : error LNK2038: mismatch detected for '_ITERATOR_DEBUG_LEVEL': value '0' doesn't match value '2' in Source.obj
     1>vtkFiltering.lib(vtkQuadraticWedge.obj) : error LNK2038: mismatch detected for 'RuntimeLibrary': value 'MD_DynamicRelease' doesn't match value 'MDd_DynamicDebug' in Source.obj
     1>vtkFiltering.lib(vtkQuadraticPyramid.obj) : error LNK2038: mismatch detected for '_ITERATOR_DEBUG_LEVEL': value '0' doesn't match value '2' in Source.obj
     1>vtkFiltering.lib(vtkQuadraticPyramid.obj) : error LNK2038: mismatch detected for 'RuntimeLibrary': value 'MD_DynamicRelease' doesn't match value 'MDd_DynamicDebug' in Source.obj
     1>vtkFiltering.lib(vtkQuadraticQuad.obj) : error LNK2038: mismatch detected for '_ITERATOR_DEBUG_LEVEL': value '0' doesn't match value '2' in Source.obj
     1>vtkFiltering.lib(vtkQuadraticQuad.obj) : error LNK2038: mismatch detected for 'RuntimeLibrary': value 'MD_DynamicRelease' doesn't match value 'MDd_DynamicDebug' in Source.obj
     1>vtkFiltering.lib(vtkQuadraticTetra.obj) : error LNK2038: mismatch detected for '_ITERATOR_DEBUG_LEVEL': value '0' doesn't match value '2' in Source.obj
     1>vtkFiltering.lib(vtkQuadraticTetra.obj) : error LNK2038: mismatch detected for 'RuntimeLibrary': value 'MD_DynamicRelease' doesn't match value 'MDd_DynamicDebug' in Source.obj
     1>vtkFiltering.lib(vtkQuadraticTriangle.obj) : error LNK2038: mismatch detected for '_ITERATOR_DEBUG_LEVEL': value '0' doesn't match value '2' in Source.obj
     1>vtkFiltering.lib(vtkQuadraticTriangle.obj) : error LNK2038: mismatch detected for 'RuntimeLibrary': value 'MD_DynamicRelease' doesn't match value 'MDd_DynamicDebug' in Source.obj
     1>vtkFiltering.lib(vtkTetra.obj) : error LNK2038: mismatch detected for '_ITERATOR_DEBUG_LEVEL': value '0' doesn't match value '2' in Source.obj
     1>vtkFiltering.lib(vtkTetra.obj) : error LNK2038: mismatch detected for 'RuntimeLibrary': value 'MD_DynamicRelease' doesn't match value 'MDd_DynamicDebug' in Source.obj
     1>vtkFiltering.lib(vtkWedge.obj) : error LNK2038: mismatch detected for '_ITERATOR_DEBUG_LEVEL': value '0' doesn't match value '2' in Source.obj
     1>vtkFiltering.lib(vtkWedge.obj) : error LNK2038: mismatch detected for 'RuntimeLibrary': value 'MD_DynamicRelease' doesn't match value 'MDd_DynamicDebug' in Source.obj
     1>vtkFiltering.lib(vtkTriQuadraticHexahedron.obj) : error LNK2038: mismatch detected for '_ITERATOR_DEBUG_LEVEL': value '0' doesn't match value '2' in Source.obj
     1>vtkFiltering.lib(vtkTriQuadraticHexahedron.obj) : error LNK2038: mismatch detected for 'RuntimeLibrary': value 'MD_DynamicRelease' doesn't match value 'MDd_DynamicDebug' in Source.obj
     1>vtkFiltering.lib(vtkQuadraticLinearWedge.obj) : error LNK2038: mismatch detected for '_ITERATOR_DEBUG_LEVEL': value '0' doesn't match value '2' in Source.obj
     1>vtkFiltering.lib(vtkQuadraticLinearWedge.obj) : error LNK2038: mismatch detected for 'RuntimeLibrary': value 'MD_DynamicRelease' doesn't match value 'MDd_DynamicDebug' in Source.obj
     1>vtkFiltering.lib(vtkQuadraticLinearQuad.obj) : error LNK2038: mismatch detected for '_ITERATOR_DEBUG_LEVEL': value '0' doesn't match value '2' in Source.obj
     1>vtkFiltering.lib(vtkQuadraticLinearQuad.obj) : error LNK2038: mismatch detected for 'RuntimeLibrary': value 'MD_DynamicRelease' doesn't match value 'MDd_DynamicDebug' in Source.obj
     1>vtkFiltering.lib(vtkBiQuadraticQuad.obj) : error LNK2038: mismatch detected for '_ITERATOR_DEBUG_LEVEL': value '0' doesn't match value '2' in Source.obj
     1>vtkFiltering.lib(vtkBiQuadraticQuad.obj) : error LNK2038: mismatch detected for 'RuntimeLibrary': value 'MD_DynamicRelease' doesn't match value 'MDd_DynamicDebug' in Source.obj
     1>vtkFiltering.lib(vtkBiQuadraticQuadraticWedge.obj) : error LNK2038: mismatch detected for '_ITERATOR_DEBUG_LEVEL': value '0' doesn't match value '2' in Source.obj
     1>vtkFiltering.lib(vtkBiQuadraticQuadraticWedge.obj) : error LNK2038: mismatch detected for 'RuntimeLibrary': value 'MD_DynamicRelease' doesn't match value 'MDd_DynamicDebug' in Source.obj
     1>vtkFiltering.lib(vtkBiQuadraticQuadraticHexahedron.obj) : error LNK2038: mismatch detected for '_ITERATOR_DEBUG_LEVEL': value '0' doesn't match value '2' in Source.obj
     1>vtkFiltering.lib(vtkBiQuadraticQuadraticHexahedron.obj) : error LNK2038: mismatch detected for 'RuntimeLibrary': value 'MD_DynamicRelease' doesn't match value 'MDd_DynamicDebug' in Source.obj
     1>vtkFiltering.lib(vtkBiQuadraticTriangle.obj) : error LNK2038: mismatch detected for '_ITERATOR_DEBUG_LEVEL': value '0' doesn't match value '2' in Source.obj
     1>vtkFiltering.lib(vtkBiQuadraticTriangle.obj) : error LNK2038: mismatch detected for 'RuntimeLibrary': value 'MD_DynamicRelease' doesn't match value 'MDd_DynamicDebug' in Source.obj
     1>vtkFiltering.lib(vtkProcessObject.obj) : error LNK2038: mismatch detected for '_ITERATOR_DEBUG_LEVEL': value '0' doesn't match value '2' in Source.obj
     1>vtkFiltering.lib(vtkProcessObject.obj) : error LNK2038: mismatch detected for 'RuntimeLibrary': value 'MD_DynamicRelease' doesn't match value 'MDd_DynamicDebug' in Source.obj
     1>vtkFiltering.lib(vtkCell.obj) : error LNK2038: mismatch detected for '_ITERATOR_DEBUG_LEVEL': value '0' doesn't match value '2' in Source.obj
     1>vtkFiltering.lib(vtkCell.obj) : error LNK2038: mismatch detected for 'RuntimeLibrary': value 'MD_DynamicRelease' doesn't match value 'MDd_DynamicDebug' in Source.obj
     1>vtkFiltering.lib(vtkPointData.obj) : error LNK2038: mismatch detected for '_ITERATOR_DEBUG_LEVEL': value '0' doesn't match value '2' in Source.obj
     1>vtkFiltering.lib(vtkPointData.obj) : error LNK2038: mismatch detected for 'RuntimeLibrary': value 'MD_DynamicRelease' doesn't match value 'MDd_DynamicDebug' in Source.obj
     1>vtkFiltering.lib(vtkPointLocator.obj) : error LNK2038: mismatch detected for '_ITERATOR_DEBUG_LEVEL': value '0' doesn't match value '2' in Source.obj
     1>vtkFiltering.lib(vtkPointLocator.obj) : error LNK2038: mismatch detected for 'RuntimeLibrary': value 'MD_DynamicRelease' doesn't match value 'MDd_DynamicDebug' in Source.obj
     1>vtkFiltering.lib(vtkMergePoints.obj) : error LNK2038: mismatch detected for '_ITERATOR_DEBUG_LEVEL': value '0' doesn't match value '2' in Source.obj
     1>vtkFiltering.lib(vtkMergePoints.obj) : error LNK2038: mismatch detected for 'RuntimeLibrary': value 'MD_DynamicRelease' doesn't match value 'MDd_DynamicDebug' in Source.obj
     1>vtkFiltering.lib(vtkMarchingSquaresLineCases.obj) : error LNK2038: mismatch detected for '_ITERATOR_DEBUG_LEVEL': value '0' doesn't match value '2' in Source.obj
     1>vtkFiltering.lib(vtkMarchingSquaresLineCases.obj) : error LNK2038: mismatch detected for 'RuntimeLibrary': value 'MD_DynamicRelease' doesn't match value 'MDd_DynamicDebug' in Source.obj
     1>vtkFiltering.lib(vtkCell3D.obj) : error LNK2038: mismatch detected for '_ITERATOR_DEBUG_LEVEL': value '0' doesn't match value '2' in Source.obj
     1>vtkFiltering.lib(vtkCell3D.obj) : error LNK2038: mismatch detected for 'RuntimeLibrary': value 'MD_DynamicRelease' doesn't match value 'MDd_DynamicDebug' in Source.obj
     1>vtkFiltering.lib(vtkMarchingCubesTriangleCases.obj) : error LNK2038: mismatch detected for '_ITERATOR_DEBUG_LEVEL': value '0' doesn't match value '2' in Source.obj
     1>vtkFiltering.lib(vtkMarchingCubesTriangleCases.obj) : error LNK2038: mismatch detected for 'RuntimeLibrary': value 'MD_DynamicRelease' doesn't match value 'MDd_DynamicDebug' in Source.obj
     1>vtkFiltering.lib(vtkAnnotation.obj) : error LNK2038: mismatch detected for '_ITERATOR_DEBUG_LEVEL': value '0' doesn't match value '2' in Source.obj
     1>vtkFiltering.lib(vtkAnnotation.obj) : error LNK2038: mismatch detected for 'RuntimeLibrary': value 'MD_DynamicRelease' doesn't match value 'MDd_DynamicDebug' in Source.obj
     1>vtkFiltering.lib(vtkAnnotationLayers.obj) : error LNK2038: mismatch detected for '_ITERATOR_DEBUG_LEVEL': value '0' doesn't match value '2' in Source.obj
     1>vtkFiltering.lib(vtkAnnotationLayers.obj) : error LNK2038: mismatch detected for 'RuntimeLibrary': value 'MD_DynamicRelease' doesn't match value 'MDd_DynamicDebug' in Source.obj
     1>vtkFiltering.lib(vtkDirectedGraph.obj) : error LNK2038: mismatch detected for '_ITERATOR_DEBUG_LEVEL': value '0' doesn't match value '2' in Source.obj
     1>vtkFiltering.lib(vtkDirectedGraph.obj) : error LNK2038: mismatch detected for 'RuntimeLibrary': value 'MD_DynamicRelease' doesn't match value 'MDd_DynamicDebug' in Source.obj
     1>vtkFiltering.lib(vtkDirectedAcyclicGraph.obj) : error LNK2038: mismatch detected for '_ITERATOR_DEBUG_LEVEL': value '0' doesn't match value '2' in Source.obj
     1>vtkFiltering.lib(vtkDirectedAcyclicGraph.obj) : error LNK2038: mismatch detected for 'RuntimeLibrary': value 'MD_DynamicRelease' doesn't match value 'MDd_DynamicDebug' in Source.obj
     1>vtkFiltering.lib(vtkHierarchicalBoxDataSet.obj) : error LNK2038: mismatch detected for '_ITERATOR_DEBUG_LEVEL': value '0' doesn't match value '2' in Source.obj
     1>vtkFiltering.lib(vtkHierarchicalBoxDataSet.obj) : error LNK2038: mismatch detected for 'RuntimeLibrary': value 'MD_DynamicRelease' doesn't match value 'MDd_DynamicDebug' in Source.obj
     1>vtkFiltering.lib(vtkHyperOctree.obj) : error LNK2038: mismatch detected for '_ITERATOR_DEBUG_LEVEL': value '0' doesn't match value '2' in Source.obj
     1>vtkFiltering.lib(vtkHyperOctree.obj) : error LNK2038: mismatch detected for 'RuntimeLibrary': value 'MD_DynamicRelease' doesn't match value 'MDd_DynamicDebug' in Source.obj
     1>vtkFiltering.lib(vtkMultiBlockDataSet.obj) : error LNK2038: mismatch detected for '_ITERATOR_DEBUG_LEVEL': value '0' doesn't match value '2' in Source.obj
     1>vtkFiltering.lib(vtkMultiBlockDataSet.obj) : error LNK2038: mismatch detected for 'RuntimeLibrary': value 'MD_DynamicRelease' doesn't match value 'MDd_DynamicDebug' in Source.obj
     1>vtkFiltering.lib(vtkMultiPieceDataSet.obj) : error LNK2038: mismatch detected for '_ITERATOR_DEBUG_LEVEL': value '0' doesn't match value '2' in Source.obj
     1>vtkFiltering.lib(vtkMultiPieceDataSet.obj) : error LNK2038: mismatch detected for 'RuntimeLibrary': value 'MD_DynamicRelease' doesn't match value 'MDd_DynamicDebug' in Source.obj
     1>vtkFiltering.lib(vtkReebGraph.obj) : error LNK2038: mismatch detected for '_ITERATOR_DEBUG_LEVEL': value '0' doesn't match value '2' in Source.obj
     1>vtkFiltering.lib(vtkReebGraph.obj) : error LNK2038: mismatch detected for 'RuntimeLibrary': value 'MD_DynamicRelease' doesn't match value 'MDd_DynamicDebug' in Source.obj
     1>vtkFiltering.lib(vtkSelection.obj) : error LNK2038: mismatch detected for '_ITERATOR_DEBUG_LEVEL': value '0' doesn't match value '2' in Source.obj
     1>vtkFiltering.lib(vtkSelection.obj) : error LNK2038: mismatch detected for 'RuntimeLibrary': value 'MD_DynamicRelease' doesn't match value 'MDd_DynamicDebug' in Source.obj
     1>vtkFiltering.lib(vtkTable.obj) : error LNK2038: mismatch detected for '_ITERATOR_DEBUG_LEVEL': value '0' doesn't match value '2' in Source.obj
     1>vtkFiltering.lib(vtkTable.obj) : error LNK2038: mismatch detected for 'RuntimeLibrary': value 'MD_DynamicRelease' doesn't match value 'MDd_DynamicDebug' in Source.obj
     1>vtkFiltering.lib(vtkTemporalDataSet.obj) : error LNK2038: mismatch detected for '_ITERATOR_DEBUG_LEVEL': value '0' doesn't match value '2' in Source.obj
     1>vtkFiltering.lib(vtkTemporalDataSet.obj) : error LNK2038: mismatch detected for 'RuntimeLibrary': value 'MD_DynamicRelease' doesn't match value 'MDd_DynamicDebug' in Source.obj
     1>vtkFiltering.lib(vtkTree.obj) : error LNK2038: mismatch detected for '_ITERATOR_DEBUG_LEVEL': value '0' doesn't match value '2' in Source.obj
     1>vtkFiltering.lib(vtkTree.obj) : error LNK2038: mismatch detected for 'RuntimeLibrary': value 'MD_DynamicRelease' doesn't match value 'MDd_DynamicDebug' in Source.obj
     1>vtkFiltering.lib(vtkUndirectedGraph.obj) : error LNK2038: mismatch detected for '_ITERATOR_DEBUG_LEVEL': value '0' doesn't match value '2' in Source.obj
     1>vtkFiltering.lib(vtkUndirectedGraph.obj) : error LNK2038: mismatch detected for 'RuntimeLibrary': value 'MD_DynamicRelease' doesn't match value 'MDd_DynamicDebug' in Source.obj
     1>vtkFiltering.lib(vtkUniformGrid.obj) : error LNK2038: mismatch detected for '_ITERATOR_DEBUG_LEVEL': value '0' doesn't match value '2' in Source.obj
     1>vtkFiltering.lib(vtkUniformGrid.obj) : error LNK2038: mismatch detected for 'RuntimeLibrary': value 'MD_DynamicRelease' doesn't match value 'MDd_DynamicDebug' in Source.obj
     1>vtkFiltering.lib(vtkArrayData.obj) : error LNK2038: mismatch detected for '_ITERATOR_DEBUG_LEVEL': value '0' doesn't match value '2' in Source.obj
     1>vtkFiltering.lib(vtkArrayData.obj) : error LNK2038: mismatch detected for 'RuntimeLibrary': value 'MD_DynamicRelease' doesn't match value 'MDd_DynamicDebug' in Source.obj
     1>vtkFiltering.lib(vtkOrderedTriangulator.obj) : error LNK2038: mismatch detected for '_ITERATOR_DEBUG_LEVEL': value '0' doesn't match value '2' in Source.obj
     1>vtkFiltering.lib(vtkOrderedTriangulator.obj) : error LNK2038: mismatch detected for 'RuntimeLibrary': value 'MD_DynamicRelease' doesn't match value 'MDd_DynamicDebug' in Source.obj
     1>vtkFiltering.lib(vtkNonLinearCell.obj) : error LNK2038: mismatch detected for '_ITERATOR_DEBUG_LEVEL': value '0' doesn't match value '2' in Source.obj
     1>vtkFiltering.lib(vtkNonLinearCell.obj) : error LNK2038: mismatch detected for 'RuntimeLibrary': value 'MD_DynamicRelease' doesn't match value 'MDd_DynamicDebug' in Source.obj
     1>vtkFiltering.lib(vtkCellLocator.obj) : error LNK2038: mismatch detected for '_ITERATOR_DEBUG_LEVEL': value '0' doesn't match value '2' in Source.obj
     1>vtkFiltering.lib(vtkCellLocator.obj) : error LNK2038: mismatch detected for 'RuntimeLibrary': value 'MD_DynamicRelease' doesn't match value 'MDd_DynamicDebug' in Source.obj
     1>vtkFiltering.lib(vtkMeanValueCoordinatesInterpolator.obj) : error LNK2038: mismatch detected for '_ITERATOR_DEBUG_LEVEL': value '0' doesn't match value '2' in Source.obj
     1>vtkFiltering.lib(vtkMeanValueCoordinatesInterpolator.obj) : error LNK2038: mismatch detected for 'RuntimeLibrary': value 'MD_DynamicRelease' doesn't match value 'MDd_DynamicDebug' in Source.obj
     1>vtkFiltering.lib(vtkLocator.obj) : error LNK2038: mismatch detected for '_ITERATOR_DEBUG_LEVEL': value '0' doesn't match value '2' in Source.obj
     1>vtkFiltering.lib(vtkLocator.obj) : error LNK2038: mismatch detected for 'RuntimeLibrary': value 'MD_DynamicRelease' doesn't match value 'MDd_DynamicDebug' in Source.obj
     1>vtkFiltering.lib(vtkAbstractPointLocator.obj) : error LNK2038: mismatch detected for '_ITERATOR_DEBUG_LEVEL': value '0' doesn't match value '2' in Source.obj
     1>vtkFiltering.lib(vtkAbstractPointLocator.obj) : error LNK2038: mismatch detected for 'RuntimeLibrary': value 'MD_DynamicRelease' doesn't match value 'MDd_DynamicDebug' in Source.obj
     1>vtkFiltering.lib(vtkIncrementalPointLocator.obj) : error LNK2038: mismatch detected for '_ITERATOR_DEBUG_LEVEL': value '0' doesn't match value '2' in Source.obj
     1>vtkFiltering.lib(vtkIncrementalPointLocator.obj) : error LNK2038: mismatch detected for 'RuntimeLibrary': value 'MD_DynamicRelease' doesn't match value 'MDd_DynamicDebug' in Source.obj
     1>vtkFiltering.lib(vtkSelectionNode.obj) : error LNK2038: mismatch detected for '_ITERATOR_DEBUG_LEVEL': value '0' doesn't match value '2' in Source.obj
     1>vtkFiltering.lib(vtkSelectionNode.obj) : error LNK2038: mismatch detected for 'RuntimeLibrary': value 'MD_DynamicRelease' doesn't match value 'MDd_DynamicDebug' in Source.obj
     1>vtkFiltering.lib(vtkGraph.obj) : error LNK2038: mismatch detected for '_ITERATOR_DEBUG_LEVEL': value '0' doesn't match value '2' in Source.obj
     1>vtkFiltering.lib(vtkGraph.obj) : error LNK2038: mismatch detected for 'RuntimeLibrary': value 'MD_DynamicRelease' doesn't match value 'MDd_DynamicDebug' in Source.obj
     1>vtkFiltering.lib(vtkInEdgeIterator.obj) : error LNK2038: mismatch detected for '_ITERATOR_DEBUG_LEVEL': value '0' doesn't match value '2' in Source.obj
     1>vtkFiltering.lib(vtkInEdgeIterator.obj) : error LNK2038: mismatch detected for 'RuntimeLibrary': value 'MD_DynamicRelease' doesn't match value 'MDd_DynamicDebug' in Source.obj
     1>vtkFiltering.lib(vtkOutEdgeIterator.obj) : error LNK2038: mismatch detected for '_ITERATOR_DEBUG_LEVEL': value '0' doesn't match value '2' in Source.obj
     1>vtkFiltering.lib(vtkOutEdgeIterator.obj) : error LNK2038: mismatch detected for 'RuntimeLibrary': value 'MD_DynamicRelease' doesn't match value 'MDd_DynamicDebug' in Source.obj
     1>vtkFiltering.lib(vtkCompositeDataSet.obj) : error LNK2038: mismatch detected for '_ITERATOR_DEBUG_LEVEL': value '0' doesn't match value '2' in Source.obj
     1>vtkFiltering.lib(vtkCompositeDataSet.obj) : error LNK2038: mismatch detected for 'RuntimeLibrary': value 'MD_DynamicRelease' doesn't match value 'MDd_DynamicDebug' in Source.obj
     1>vtkFiltering.lib(vtkAMRBox.obj) : error LNK2038: mismatch detected for '_ITERATOR_DEBUG_LEVEL': value '0' doesn't match value '2' in Source.obj
     1>vtkFiltering.lib(vtkAMRBox.obj) : error LNK2038: mismatch detected for 'RuntimeLibrary': value 'MD_DynamicRelease' doesn't match value 'MDd_DynamicDebug' in Source.obj
     1>vtkFiltering.lib(vtkHierarchicalBoxDataIterator.obj) : error LNK2038: mismatch detected for '_ITERATOR_DEBUG_LEVEL': value '0' doesn't match value '2' in Source.obj
     1>vtkFiltering.lib(vtkHierarchicalBoxDataIterator.obj) : error LNK2038: mismatch detected for 'RuntimeLibrary': value 'MD_DynamicRelease' doesn't match value 'MDd_DynamicDebug' in Source.obj
     1>vtkFiltering.lib(vtkHyperOctreeCursor.obj) : error LNK2038: mismatch detected for '_ITERATOR_DEBUG_LEVEL': value '0' doesn't match value '2' in Source.obj
     1>vtkFiltering.lib(vtkHyperOctreeCursor.obj) : error LNK2038: mismatch detected for 'RuntimeLibrary': value 'MD_DynamicRelease' doesn't match value 'MDd_DynamicDebug' in Source.obj
     1>vtkFiltering.lib(vtkMutableDirectedGraph.obj) : error LNK2038: mismatch detected for '_ITERATOR_DEBUG_LEVEL': value '0' doesn't match value '2' in Source.obj
     1>vtkFiltering.lib(vtkMutableDirectedGraph.obj) : error LNK2038: mismatch detected for 'RuntimeLibrary': value 'MD_DynamicRelease' doesn't match value 'MDd_DynamicDebug' in Source.obj
     1>vtkFiltering.lib(vtkEdgeListIterator.obj) : error LNK2038: mismatch detected for '_ITERATOR_DEBUG_LEVEL': value '0' doesn't match value '2' in Source.obj
     1>vtkFiltering.lib(vtkEdgeListIterator.obj) : error LNK2038: mismatch detected for 'RuntimeLibrary': value 'MD_DynamicRelease' doesn't match value 'MDd_DynamicDebug' in Source.obj
     1>vtkFiltering.lib(vtkAbstractCellLocator.obj) : error LNK2038: mismatch detected for '_ITERATOR_DEBUG_LEVEL': value '0' doesn't match value '2' in Source.obj
     1>vtkFiltering.lib(vtkAbstractCellLocator.obj) : error LNK2038: mismatch detected for 'RuntimeLibrary': value 'MD_DynamicRelease' doesn't match value 'MDd_DynamicDebug' in Source.obj
     1>vtkFiltering.lib(vtkAdjacentVertexIterator.obj) : error LNK2038: mismatch detected for '_ITERATOR_DEBUG_LEVEL': value '0' doesn't match value '2' in Source.obj
     1>vtkFiltering.lib(vtkAdjacentVertexIterator.obj) : error LNK2038: mismatch detected for 'RuntimeLibrary': value 'MD_DynamicRelease' doesn't match value 'MDd_DynamicDebug' in Source.obj
     1>vtkFiltering.lib(vtkDistributedGraphHelper.obj) : error LNK2038: mismatch detected for '_ITERATOR_DEBUG_LEVEL': value '0' doesn't match value '2' in Source.obj
     1>vtkFiltering.lib(vtkDistributedGraphHelper.obj) : error LNK2038: mismatch detected for 'RuntimeLibrary': value 'MD_DynamicRelease' doesn't match value 'MDd_DynamicDebug' in Source.obj
     1>vtkFiltering.lib(vtkGraphInternals.obj) : error LNK2038: mismatch detected for '_ITERATOR_DEBUG_LEVEL': value '0' doesn't match value '2' in Source.obj
     1>vtkFiltering.lib(vtkGraphInternals.obj) : error LNK2038: mismatch detected for 'RuntimeLibrary': value 'MD_DynamicRelease' doesn't match value 'MDd_DynamicDebug' in Source.obj
     1>vtkFiltering.lib(vtkMutableUndirectedGraph.obj) : error LNK2038: mismatch detected for '_ITERATOR_DEBUG_LEVEL': value '0' doesn't match value '2' in Source.obj
     1>vtkFiltering.lib(vtkMutableUndirectedGraph.obj) : error LNK2038: mismatch detected for 'RuntimeLibrary': value 'MD_DynamicRelease' doesn't match value 'MDd_DynamicDebug' in Source.obj
     1>vtkFiltering.lib(vtkGraphEdge.obj) : error LNK2038: mismatch detected for '_ITERATOR_DEBUG_LEVEL': value '0' doesn't match value '2' in Source.obj
     1>vtkFiltering.lib(vtkGraphEdge.obj) : error LNK2038: mismatch detected for 'RuntimeLibrary': value 'MD_DynamicRelease' doesn't match value 'MDd_DynamicDebug' in Source.obj
     1>vtkFiltering.lib(vtkCompositeDataIterator.obj) : error LNK2038: mismatch detected for '_ITERATOR_DEBUG_LEVEL': value '0' doesn't match value '2' in Source.obj
     1>vtkFiltering.lib(vtkCompositeDataIterator.obj) : error LNK2038: mismatch detected for 'RuntimeLibrary': value 'MD_DynamicRelease' doesn't match value 'MDd_DynamicDebug' in Source.obj
     1>vtkFiltering.lib(vtkCompositeDataPipeline.obj) : error LNK2038: mismatch detected for '_ITERATOR_DEBUG_LEVEL': value '0' doesn't match value '2' in Source.obj
     1>vtkFiltering.lib(vtkCompositeDataPipeline.obj) : error LNK2038: mismatch detected for 'RuntimeLibrary': value 'MD_DynamicRelease' doesn't match value 'MDd_DynamicDebug' in Source.obj
     1>vtksys.lib(Directory.obj) : error LNK2038: mismatch detected for '_ITERATOR_DEBUG_LEVEL': value '0' doesn't match value '2' in Source.obj
     1>vtksys.lib(Directory.obj) : error LNK2038: mismatch detected for 'RuntimeLibrary': value 'MD_DynamicRelease' doesn't match value 'MDd_DynamicDebug' in Source.obj
     1>vtksys.lib(SystemTools.obj) : error LNK2038: mismatch detected for '_ITERATOR_DEBUG_LEVEL': value '0' doesn't match value '2' in Source.obj
     1>vtksys.lib(SystemTools.obj) : error LNK2038: mismatch detected for 'RuntimeLibrary': value 'MD_DynamicRelease' doesn't match value 'MDd_DynamicDebug' in Source.obj
     1>vtksys.lib(RegularExpression.obj) : error LNK2038: mismatch detected for '_ITERATOR_DEBUG_LEVEL': value '0' doesn't match value '2' in Source.obj
     1>vtksys.lib(RegularExpression.obj) : error LNK2038: mismatch detected for 'RuntimeLibrary': value 'MD_DynamicRelease' doesn't match value 'MDd_DynamicDebug' in Source.obj
     1>vtkCommon.lib(vtkErrorCode.obj) : error LNK2038: mismatch detected for '_ITERATOR_DEBUG_LEVEL': value '0' doesn't match value '2' in Source.obj
     1>vtkCommon.lib(vtkErrorCode.obj) : error LNK2038: mismatch detected for 'RuntimeLibrary': value 'MD_DynamicRelease' doesn't match value 'MDd_DynamicDebug' in Source.obj
     1>vtkCommon.lib(vtkCriticalSection.obj) : error LNK2038: mismatch detected for '_ITERATOR_DEBUG_LEVEL': value '0' doesn't match value '2' in Source.obj
     1>vtkCommon.lib(vtkCriticalSection.obj) : error LNK2038: mismatch detected for 'RuntimeLibrary': value 'MD_DynamicRelease' doesn't match value 'MDd_DynamicDebug' in Source.obj
     1>vtkCommon.lib(vtkStructuredData.obj) : error LNK2038: mismatch detected for '_ITERATOR_DEBUG_LEVEL': value '0' doesn't match value '2' in Source.obj
     1>vtkCommon.lib(vtkStructuredData.obj) : error LNK2038: mismatch detected for 'RuntimeLibrary': value 'MD_DynamicRelease' doesn't match value 'MDd_DynamicDebug' in Source.obj
     1>vtkCommon.lib(vtkInstantiator.obj) : error LNK2038: mismatch detected for '_ITERATOR_DEBUG_LEVEL': value '0' doesn't match value '2' in Source.obj
     1>vtkCommon.lib(vtkInstantiator.obj) : error LNK2038: mismatch detected for 'RuntimeLibrary': value 'MD_DynamicRelease' doesn't match value 'MDd_DynamicDebug' in Source.obj
     1>vtkCommon.lib(vtkExtentTranslator.obj) : error LNK2038: mismatch detected for '_ITERATOR_DEBUG_LEVEL': value '0' doesn't match value '2' in Source.obj
     1>vtkCommon.lib(vtkExtentTranslator.obj) : error LNK2038: mismatch detected for 'RuntimeLibrary': value 'MD_DynamicRelease' doesn't match value 'MDd_DynamicDebug' in Source.obj
     1>vtkCommon.lib(vtkStructuredVisibilityConstraint.obj) : error LNK2038: mismatch detected for '_ITERATOR_DEBUG_LEVEL': value '0' doesn't match value '2' in Source.obj
     1>vtkCommon.lib(vtkStructuredVisibilityConstraint.obj) : error LNK2038: mismatch detected for 'RuntimeLibrary': value 'MD_DynamicRelease' doesn't match value 'MDd_DynamicDebug' in Source.obj
     1>vtkCommon.lib(vtkPlane.obj) : error LNK2038: mismatch detected for '_ITERATOR_DEBUG_LEVEL': value '0' doesn't match value '2' in Source.obj
     1>vtkCommon.lib(vtkPlane.obj) : error LNK2038: mismatch detected for 'RuntimeLibrary': value 'MD_DynamicRelease' doesn't match value 'MDd_DynamicDebug' in Source.obj
     1>vtkCommon.lib(vtkPriorityQueue.obj) : error LNK2038: mismatch detected for '_ITERATOR_DEBUG_LEVEL': value '0' doesn't match value '2' in Source.obj
     1>vtkCommon.lib(vtkPriorityQueue.obj) : error LNK2038: mismatch detected for 'RuntimeLibrary': value 'MD_DynamicRelease' doesn't match value 'MDd_DynamicDebug' in Source.obj
     1>vtkCommon.lib(vtkBox.obj) : error LNK2038: mismatch detected for '_ITERATOR_DEBUG_LEVEL': value '0' doesn't match value '2' in Source.obj
     1>vtkCommon.lib(vtkBox.obj) : error LNK2038: mismatch detected for 'RuntimeLibrary': value 'MD_DynamicRelease' doesn't match value 'MDd_DynamicDebug' in Source.obj
     1>vtkCommon.lib(vtkQuadric.obj) : error LNK2038: mismatch detected for '_ITERATOR_DEBUG_LEVEL': value '0' doesn't match value '2' in Source.obj
     1>vtkCommon.lib(vtkQuadric.obj) : error LNK2038: mismatch detected for 'RuntimeLibrary': value 'MD_DynamicRelease' doesn't match value 'MDd_DynamicDebug' in Source.obj
     1>vtkCommon.lib(vtkEdgeTable.obj) : error LNK2038: mismatch detected for '_ITERATOR_DEBUG_LEVEL': value '0' doesn't match value '2' in Source.obj
     1>vtkCommon.lib(vtkEdgeTable.obj) : error LNK2038: mismatch detected for 'RuntimeLibrary': value 'MD_DynamicRelease' doesn't match value 'MDd_DynamicDebug' in Source.obj
     1>vtkCommon.lib(vtkTimerLog.obj) : error LNK2038: mismatch detected for '_ITERATOR_DEBUG_LEVEL': value '0' doesn't match value '2' in Source.obj
     1>vtkCommon.lib(vtkTimerLog.obj) : error LNK2038: mismatch detected for 'RuntimeLibrary': value 'MD_DynamicRelease' doesn't match value 'MDd_DynamicDebug' in Source.obj
     1>vtkCommon.lib(vtkArray.obj) : error LNK2038: mismatch detected for '_ITERATOR_DEBUG_LEVEL': value '0' doesn't match value '2' in Source.obj
     1>vtkCommon.lib(vtkArray.obj) : error LNK2038: mismatch detected for 'RuntimeLibrary': value 'MD_DynamicRelease' doesn't match value 'MDd_DynamicDebug' in Source.obj
     1>vtkCommon.lib(vtkHeap.obj) : error LNK2038: mismatch detected for '_ITERATOR_DEBUG_LEVEL': value '0' doesn't match value '2' in Source.obj
     1>vtkCommon.lib(vtkHeap.obj) : error LNK2038: mismatch detected for 'RuntimeLibrary': value 'MD_DynamicRelease' doesn't match value 'MDd_DynamicDebug' in Source.obj
     1>vtkCommon.lib(vtkImplicitFunction.obj) : error LNK2038: mismatch detected for '_ITERATOR_DEBUG_LEVEL': value '0' doesn't match value '2' in Source.obj
     1>vtkCommon.lib(vtkImplicitFunction.obj) : error LNK2038: mismatch detected for 'RuntimeLibrary': value 'MD_DynamicRelease' doesn't match value 'MDd_DynamicDebug' in Source.obj
     1>vtkCommon.lib(vtkBoundingBox.obj) : error LNK2038: mismatch detected for '_ITERATOR_DEBUG_LEVEL': value '0' doesn't match value '2' in Source.obj
     1>vtkCommon.lib(vtkBoundingBox.obj) : error LNK2038: mismatch detected for 'RuntimeLibrary': value 'MD_DynamicRelease' doesn't match value 'MDd_DynamicDebug' in Source.obj
     1>vtkCommon.lib(vtkVoidArray.obj) : error LNK2038: mismatch detected for '_ITERATOR_DEBUG_LEVEL': value '0' doesn't match value '2' in Source.obj
     1>vtkCommon.lib(vtkVoidArray.obj) : error LNK2038: mismatch detected for 'RuntimeLibrary': value 'MD_DynamicRelease' doesn't match value 'MDd_DynamicDebug' in Source.obj
     1>vtkCommon.lib(vtkArrayCoordinates.obj) : error LNK2038: mismatch detected for '_ITERATOR_DEBUG_LEVEL': value '0' doesn't match value '2' in Source.obj
     1>vtkCommon.lib(vtkArrayCoordinates.obj) : error LNK2038: mismatch detected for 'RuntimeLibrary': value 'MD_DynamicRelease' doesn't match value 'MDd_DynamicDebug' in Source.obj
     1>vtkCommon.lib(vtkArrayRange.obj) : error LNK2038: mismatch detected for '_ITERATOR_DEBUG_LEVEL': value '0' doesn't match value '2' in Source.obj
     1>vtkCommon.lib(vtkArrayRange.obj) : error LNK2038: mismatch detected for 'RuntimeLibrary': value 'MD_DynamicRelease' doesn't match value 'MDd_DynamicDebug' in Source.obj
     1>vtkCommon.lib(vtkArrayExtents.obj) : error LNK2038: mismatch detected for '_ITERATOR_DEBUG_LEVEL': value '0' doesn't match value '2' in Source.obj
     1>vtkCommon.lib(vtkArrayExtents.obj) : error LNK2038: mismatch detected for 'RuntimeLibrary': value 'MD_DynamicRelease' doesn't match value 'MDd_DynamicDebug' in Source.obj
     1>vtkCommon.lib(vtkAbstractTransform.obj) : error LNK2038: mismatch detected for '_ITERATOR_DEBUG_LEVEL': value '0' doesn't match value '2' in Source.obj
     1>vtkCommon.lib(vtkAbstractTransform.obj) : error LNK2038: mismatch detected for 'RuntimeLibrary': value 'MD_DynamicRelease' doesn't match value 'MDd_DynamicDebug' in Source.obj
     1>vtkCommon.lib(vtkTransform.obj) : error LNK2038: mismatch detected for '_ITERATOR_DEBUG_LEVEL': value '0' doesn't match value '2' in Source.obj
     1>vtkCommon.lib(vtkTransform.obj) : error LNK2038: mismatch detected for 'RuntimeLibrary': value 'MD_DynamicRelease' doesn't match value 'MDd_DynamicDebug' in Source.obj
     1>vtkCommon.lib(vtkHomogeneousTransform.obj) : error LNK2038: mismatch detected for '_ITERATOR_DEBUG_LEVEL': value '0' doesn't match value '2' in Source.obj
     1>vtkCommon.lib(vtkHomogeneousTransform.obj) : error LNK2038: mismatch detected for 'RuntimeLibrary': value 'MD_DynamicRelease' doesn't match value 'MDd_DynamicDebug' in Source.obj
     1>vtkCommon.lib(vtkMatrix4x4.obj) : error LNK2038: mismatch detected for '_ITERATOR_DEBUG_LEVEL': value '0' doesn't match value '2' in Source.obj
     1>vtkCommon.lib(vtkMatrix4x4.obj) : error LNK2038: mismatch detected for 'RuntimeLibrary': value 'MD_DynamicRelease' doesn't match value 'MDd_DynamicDebug' in Source.obj
     1>vtkCommon.lib(vtkLinearTransform.obj) : error LNK2038: mismatch detected for '_ITERATOR_DEBUG_LEVEL': value '0' doesn't match value '2' in Source.obj
     1>vtkCommon.lib(vtkLinearTransform.obj) : error LNK2038: mismatch detected for 'RuntimeLibrary': value 'MD_DynamicRelease' doesn't match value 'MDd_DynamicDebug' in Source.obj
     1>LINK : warning LNK4098: defaultlib 'MSVCRT' conflicts with use of other libs; use /NODEFAULTLIB:library
     1>C:\Users\mclarceny\Documents\Visual Studio 2012\Projects\Project1\Debug\Project1.exe : fatal error LNK1319: 452 mismatches detected
     1>Done Building Project "C:\Users\mclarceny\Documents\Visual Studio 2012\Projects\Project1\Project1\Project1.vcxproj" (Build target(s)) -- FAILED.

Build FAILED.

Time Elapsed 00:00:00.74
